<?xml version="1.0" encoding="UTF-8"?>
<robot generator="Robot 3.0.2 (Python 3.6.0 on win32)" generated="20171125 11:40:21.116">
<suite id="s1" name="Register.Spec" source="D:\06-firt-robot\register.spec.robot">
<test id="s1-t1" name="Open Register Page Successful">
<kw name="Open Browser" library="SeleniumLibrary">
<doc>Opens a new browser instance to the given ``url``.</doc>
<arguments>
<arg>http://bit.ly/2BajZDe</arg>
<arg>chrome</arg>
</arguments>
<msg timestamp="20171125 11:40:21.226" level="INFO">Opening browser 'chrome' to base url 'http://bit.ly/2BajZDe'.</msg>
<status status="PASS" starttime="20171125 11:40:21.226" endtime="20171125 11:40:25.209"></status>
</kw>
<status status="PASS" starttime="20171125 11:40:21.226" endtime="20171125 11:40:25.209" critical="yes"></status>
</test>
<test id="s1-t2" name="Register Page Chech All Require Field">
<kw name="Open Browser" library="SeleniumLibrary">
<doc>Opens a new browser instance to the given ``url``.</doc>
<arguments>
<arg>http://bit.ly/2BajZDe</arg>
<arg>chrome</arg>
</arguments>
<msg timestamp="20171125 11:40:25.211" level="INFO">Opening browser 'chrome' to base url 'http://bit.ly/2BajZDe'.</msg>
<status status="PASS" starttime="20171125 11:40:25.211" endtime="20171125 11:40:29.215"></status>
</kw>
<kw name="Click Element" library="SeleniumLibrary">
<doc>Click element identified by ``locator``.</doc>
<arguments>
<arg>id=btn_submit</arg>
</arguments>
<msg timestamp="20171125 11:40:29.216" level="INFO">Clicking element 'id=btn_submit'.</msg>
<status status="PASS" starttime="20171125 11:40:29.215" endtime="20171125 11:40:29.325"></status>
</kw>
<kw name="Wait Until Page Contains" library="SeleniumLibrary">
<doc>Waits until ``text`` appears on current page.</doc>
<arguments>
<arg>The Email field is required.</arg>
</arguments>
<status status="PASS" starttime="20171125 11:40:29.325" endtime="20171125 11:40:29.345"></status>
</kw>
<kw name="Wait Until Page Contains" library="SeleniumLibrary">
<doc>Waits until ``text`` appears on current page.</doc>
<arguments>
<arg>The Password field is required.</arg>
</arguments>
<status status="PASS" starttime="20171125 11:40:29.345" endtime="20171125 11:40:29.366"></status>
</kw>
<kw name="Wait Until Page Contains" library="SeleniumLibrary">
<doc>Waits until ``text`` appears on current page.</doc>
<arguments>
<arg>The Re-type Password field is required.</arg>
</arguments>
<status status="PASS" starttime="20171125 11:40:29.367" endtime="20171125 11:40:29.385"></status>
</kw>
<kw name="Wait Until Page Contains" library="SeleniumLibrary">
<doc>Waits until ``text`` appears on current page.</doc>
<arguments>
<arg>The Name field is required.</arg>
</arguments>
<status status="PASS" starttime="20171125 11:40:29.385" endtime="20171125 11:40:29.402"></status>
</kw>
<status status="PASS" starttime="20171125 11:40:25.210" endtime="20171125 11:40:29.402" critical="yes"></status>
</test>
<kw name="Close All Browsers" library="SeleniumLibrary" type="teardown">
<doc>Closes all open browsers and resets the browser cache.</doc>
<status status="PASS" starttime="20171125 11:40:29.403" endtime="20171125 11:40:35.500"></status>
</kw>
<status status="PASS" starttime="20171125 11:40:21.116" endtime="20171125 11:40:35.500"></status>
</suite>
<statistics>
<total>
<stat pass="2" fail="0">Critical Tests</stat>
<stat pass="2" fail="0">All Tests</stat>
</total>
<tag>
</tag>
<suite>
<stat pass="2" fail="0" id="s1" name="Register.Spec">Register.Spec</stat>
</suite>
</statistics>
<errors>
</errors>
</robot>
